<?xml version="1.0" encoding="UTF-8"?>
<!-- Generated by org.testng.reporters.JUnitXMLReporter -->
<testsuite hostname="LAPTOP-IPO29V91" ignored="0" name="Test" tests="6" failures="0" timestamp="2020-04-14T14:28:58 IST" time="117.258" errors="0">
  <testcase name="TC002" time="1.981" classname="org.web.automation.Testcases.TC_01_Login_Logout_valid_credentails"/>
  <testcase name="TC001" time="1.608" classname="org.web.automation.Testcases.TC_01_Login_Logout_valid_credentails"/>
  <testcase name="TC002" time="1.701" classname="org.web.automation.Testcases.TC_01_Login01_Logout_valid_credentails2"/>
  <testcase name="TC001" time="1.681" classname="org.web.automation.Testcases.TC_01_Login01_Logout_valid_credentails2"/>
  <testcase name="TC002" time="1.713" classname="org.web.automation.Testcases.TC_01_Login02_Logout_valid_credentails2"/>
  <testcase name="TC001" time="1.678" classname="org.web.automation.Testcases.TC_01_Login02_Logout_valid_credentails2"/>
</testsuite> <!-- Test -->
