<?xml version="1.0" encoding="UTF-8"?>
<testng-results skipped="0" failed="0" ignored="0" total="6" passed="6">
  <reporter-output>
  </reporter-output>
  <suite name="Suite" duration-ms="117258" started-at="2020-04-14T14:27:01 IST" finished-at="2020-04-14T14:28:58 IST">
    <groups>
    </groups>
    <test name="Test" duration-ms="117258" started-at="2020-04-14T14:27:01 IST" finished-at="2020-04-14T14:28:58 IST">
      <class name="org.web.automation.Testcases.TC_01_Login_Logout_valid_credentails">
        <test-method status="PASS" signature="startBrowser()[pri:0, instance:org.web.automation.Testcases.TC_01_Login_Logout_valid_credentails@51cdd8a]" name="startBrowser" is-config="true" duration-ms="13862" started-at="2020-04-14T14:27:01 IST" finished-at="2020-04-14T14:27:15 IST">
          <reporter-output>
          </reporter-output>
        </test-method> <!-- startBrowser -->
        <test-method status="PASS" signature="TC002()[pri:1, instance:org.web.automation.Testcases.TC_01_Login_Logout_valid_credentails@51cdd8a]" name="TC002" duration-ms="1981" started-at="2020-04-14T14:27:15 IST" finished-at="2020-04-14T14:27:17 IST">
          <reporter-output>
          </reporter-output>
        </test-method> <!-- TC002 -->
        <test-method status="PASS" signature="closeBrowser()[pri:0, instance:org.web.automation.Testcases.TC_01_Login_Logout_valid_credentails@51cdd8a]" name="closeBrowser" is-config="true" duration-ms="4335" started-at="2020-04-14T14:27:17 IST" finished-at="2020-04-14T14:27:21 IST">
          <reporter-output>
          </reporter-output>
        </test-method> <!-- closeBrowser -->
        <test-method status="PASS" signature="startBrowser()[pri:0, instance:org.web.automation.Testcases.TC_01_Login_Logout_valid_credentails@51cdd8a]" name="startBrowser" is-config="true" duration-ms="13245" started-at="2020-04-14T14:27:21 IST" finished-at="2020-04-14T14:27:34 IST">
          <reporter-output>
          </reporter-output>
        </test-method> <!-- startBrowser -->
        <test-method status="PASS" signature="TC001()[pri:2, instance:org.web.automation.Testcases.TC_01_Login_Logout_valid_credentails@51cdd8a]" name="TC001" duration-ms="1608" started-at="2020-04-14T14:27:34 IST" finished-at="2020-04-14T14:27:36 IST">
          <reporter-output>
          </reporter-output>
        </test-method> <!-- TC001 -->
        <test-method status="PASS" signature="closeBrowser()[pri:0, instance:org.web.automation.Testcases.TC_01_Login_Logout_valid_credentails@51cdd8a]" name="closeBrowser" is-config="true" duration-ms="4334" started-at="2020-04-14T14:27:36 IST" finished-at="2020-04-14T14:27:40 IST">
          <reporter-output>
          </reporter-output>
        </test-method> <!-- closeBrowser -->
      </class> <!-- org.web.automation.Testcases.TC_01_Login_Logout_valid_credentails -->
      <class name="org.web.automation.Testcases.TC_01_Login02_Logout_valid_credentails2">
        <test-method status="PASS" signature="startBrowser()[pri:0, instance:org.web.automation.Testcases.TC_01_Login02_Logout_valid_credentails2@23faf8f2]" name="startBrowser" is-config="true" duration-ms="14384" started-at="2020-04-14T14:28:18 IST" finished-at="2020-04-14T14:28:32 IST">
          <reporter-output>
          </reporter-output>
        </test-method> <!-- startBrowser -->
        <test-method status="PASS" signature="TC002()[pri:1, instance:org.web.automation.Testcases.TC_01_Login02_Logout_valid_credentails2@23faf8f2]" name="TC002" duration-ms="1713" started-at="2020-04-14T14:28:32 IST" finished-at="2020-04-14T14:28:34 IST">
          <reporter-output>
          </reporter-output>
        </test-method> <!-- TC002 -->
        <test-method status="PASS" signature="closeBrowser()[pri:0, instance:org.web.automation.Testcases.TC_01_Login02_Logout_valid_credentails2@23faf8f2]" name="closeBrowser" is-config="true" duration-ms="4325" started-at="2020-04-14T14:28:34 IST" finished-at="2020-04-14T14:28:38 IST">
          <reporter-output>
          </reporter-output>
        </test-method> <!-- closeBrowser -->
        <test-method status="PASS" signature="startBrowser()[pri:0, instance:org.web.automation.Testcases.TC_01_Login02_Logout_valid_credentails2@23faf8f2]" name="startBrowser" is-config="true" duration-ms="13658" started-at="2020-04-14T14:28:38 IST" finished-at="2020-04-14T14:28:52 IST">
          <reporter-output>
          </reporter-output>
        </test-method> <!-- startBrowser -->
        <test-method status="PASS" signature="TC001()[pri:2, instance:org.web.automation.Testcases.TC_01_Login02_Logout_valid_credentails2@23faf8f2]" name="TC001" duration-ms="1678" started-at="2020-04-14T14:28:52 IST" finished-at="2020-04-14T14:28:54 IST">
          <reporter-output>
          </reporter-output>
        </test-method> <!-- TC001 -->
        <test-method status="PASS" signature="closeBrowser()[pri:0, instance:org.web.automation.Testcases.TC_01_Login02_Logout_valid_credentails2@23faf8f2]" name="closeBrowser" is-config="true" duration-ms="4326" started-at="2020-04-14T14:28:54 IST" finished-at="2020-04-14T14:28:58 IST">
          <reporter-output>
          </reporter-output>
        </test-method> <!-- closeBrowser -->
      </class> <!-- org.web.automation.Testcases.TC_01_Login02_Logout_valid_credentails2 -->
      <class name="org.web.automation.Testcases.TC_01_Login01_Logout_valid_credentails2">
        <test-method status="PASS" signature="startBrowser()[pri:0, instance:org.web.automation.Testcases.TC_01_Login01_Logout_valid_credentails2@d44fc21]" name="startBrowser" is-config="true" duration-ms="12537" started-at="2020-04-14T14:27:40 IST" finished-at="2020-04-14T14:27:53 IST">
          <reporter-output>
          </reporter-output>
        </test-method> <!-- startBrowser -->
        <test-method status="PASS" signature="TC002()[pri:1, instance:org.web.automation.Testcases.TC_01_Login01_Logout_valid_credentails2@d44fc21]" name="TC002" duration-ms="1701" started-at="2020-04-14T14:27:53 IST" finished-at="2020-04-14T14:27:54 IST">
          <reporter-output>
          </reporter-output>
        </test-method> <!-- TC002 -->
        <test-method status="PASS" signature="closeBrowser()[pri:0, instance:org.web.automation.Testcases.TC_01_Login01_Logout_valid_credentails2@d44fc21]" name="closeBrowser" is-config="true" duration-ms="4327" started-at="2020-04-14T14:27:54 IST" finished-at="2020-04-14T14:27:59 IST">
          <reporter-output>
          </reporter-output>
        </test-method> <!-- closeBrowser -->
        <test-method status="PASS" signature="startBrowser()[pri:0, instance:org.web.automation.Testcases.TC_01_Login01_Logout_valid_credentails2@d44fc21]" name="startBrowser" is-config="true" duration-ms="13168" started-at="2020-04-14T14:27:59 IST" finished-at="2020-04-14T14:28:12 IST">
          <reporter-output>
          </reporter-output>
        </test-method> <!-- startBrowser -->
        <test-method status="PASS" signature="TC001()[pri:2, instance:org.web.automation.Testcases.TC_01_Login01_Logout_valid_credentails2@d44fc21]" name="TC001" duration-ms="1681" started-at="2020-04-14T14:28:12 IST" finished-at="2020-04-14T14:28:14 IST">
          <reporter-output>
          </reporter-output>
        </test-method> <!-- TC001 -->
        <test-method status="PASS" signature="closeBrowser()[pri:0, instance:org.web.automation.Testcases.TC_01_Login01_Logout_valid_credentails2@d44fc21]" name="closeBrowser" is-config="true" duration-ms="4327" started-at="2020-04-14T14:28:14 IST" finished-at="2020-04-14T14:28:18 IST">
          <reporter-output>
          </reporter-output>
        </test-method> <!-- closeBrowser -->
      </class> <!-- org.web.automation.Testcases.TC_01_Login01_Logout_valid_credentails2 -->
    </test> <!-- Test -->
  </suite> <!-- Suite -->
</testng-results>
