<?xml version="1.0" encoding="UTF-8"?>
<!-- Generated by org.testng.reporters.JUnitXMLReporter -->
<testsuite hostname="LAPTOP-IPO29V91" ignored="0" name="Default test" tests="2" failures="0" timestamp="2020-04-14T13:42:26 IST" time="38.894" errors="0">
  <testcase name="TC002" time="1.561" classname="org.web.automation.Testcases.TC_01_Login_Logout_valid_credentails"/>
  <testcase name="TC001" time="1.572" classname="org.web.automation.Testcases.TC_01_Login_Logout_valid_credentails"/>
</testsuite> <!-- Default test -->
